<?xml version="1.0" encoding="UTF-8"?>
<testsuite xmlns:xsi="http://www.w3.org/2001/XMLSchema-instance" xsi:noNamespaceSchemaLocation="https://maven.apache.org/surefire/maven-surefire-plugin/xsd/surefire-test-report-3.0.xsd" version="3.0" name="UserServiceTest" time="0.054" tests="5" errors="0" skipped="0" failures="0">
  <properties>
[...]
</properties>
  <testcase name="testGetGender3(String)[1]" classname="UserServiceTest" time="0.018">
    <system-out><![CDATA[男
]]></system-out>
  </testcase>
  <testcase name="testGetGender3(String)[2]" classname="UserServiceTest" time="0.001">
    <system-out><![CDATA[男
]]></system-out>
  </testcase>
  <testcase name="testGetGender3(String)[3]" classname="UserServiceTest" time="0.0">
    <system-out><![CDATA[女
]]></system-out>
  </testcase>
  <testcase name="testGetGender" classname="UserServiceTest" time="0.001">
    <system-out><![CDATA[男
]]></system-out>
  </testcase>
  <testcase name="testGetAge" classname="UserServiceTest" time="0.006">
    <system-out><![CDATA[19
]]></system-out>
  </testcase>
</testsuite>