<?xml version="1.0" encoding="UTF-8"?>
<testsuite xmlns:xsi="http://www.w3.org/2001/XMLSchema-instance" xsi:noNamespaceSchemaLocation="https://maven.apache.org/surefire/maven-surefire-plugin/xsd/surefire-test-report-3.0.xsd" version="3.0" name="com.rapporbit.JwtTest" time="0.03" tests="1" errors="0" skipped="0" failures="0">
  <properties>
[...]
</properties>
  <testcase name="testGenerateToken" classname="com.rapporbit.JwtTest" time="0.03">
    <system-out><![CDATA[eyJhbGciOiJIUzI1NiJ9.eyJpZCI6MSwiZGRkZCI6InNkc2RzIiwidXNlcm5hbWUiOiJhZG1pbiIsImV4cCI6MTczNTAzOTc3NX0.snZ1St3eMKPqzI485B8vMeUGC0bw--GnR3z8m3JAPAQ
]]></system-out>
  </testcase>
</testsuite>